  [4;36;1mSQL (1.4ms)[0m   [0;1m SELECT name
 FROM sqlite_master
 WHERE type = 'table' AND NOT name = 'sqlite_sequence'
[0m
  [4;35;1mSQL (0.2ms)[0m   [0mselect sqlite_version(*)[0m
  [4;36;1mSQL (1.5ms)[0m   [0;1mCREATE TABLE "schema_migrations" ("version" varchar(255) NOT NULL) [0m
  [4;35;1mSQL (1.8ms)[0m   [0mCREATE UNIQUE INDEX "unique_schema_migrations" ON "schema_migrations" ("version")[0m
  [4;36;1mSQL (0.4ms)[0m   [0;1m SELECT name
 FROM sqlite_master
 WHERE type = 'table' AND NOT name = 'sqlite_sequence'
[0m
  [4;35;1mSQL (0.3ms)[0m   [0mSELECT version FROM schema_migrations[0m
Migrating to CreateQuestions (20091030233738)
  [4;36;1mSQL (0.8ms)[0m   [0;1mCREATE TABLE "questions" ("id" INTEGER PRIMARY KEY AUTOINCREMENT NOT NULL, "name" varchar(255), "answer_id" integer, "created_at" datetime, "updated_at" datetime) [0m
  [4;35;1mSQL (0.2ms)[0m   [0mINSERT INTO schema_migrations (version) VALUES ('20091030233738')[0m
  [4;36;1mSQL (0.3ms)[0m   [0;1mselect sqlite_version(*)[0m
  [4;35;1mSQL (0.5ms)[0m   [0m SELECT name
 FROM sqlite_master
 WHERE type = 'table' AND NOT name = 'sqlite_sequence'
[0m
  [4;36;1mSQL (0.1ms)[0m   [0;1mSELECT version FROM schema_migrations[0m
  [4;35;1mSQL (0.2ms)[0m   [0m SELECT name
 FROM sqlite_master
 WHERE type = 'table' AND NOT name = 'sqlite_sequence'
[0m
  [4;36;1mSQL (0.0ms)[0m   [0;1mPRAGMA index_list("questions")[0m


Processing ApplicationController#index (for ::1 at 2009-10-30 19:44:29) [GET]

ActionController::RoutingError (No route matches "/rails/info/properties" with {:method=>:get}):
  /opt/local/lib/ruby/1.8/webrick/httpserver.rb:104:in `service'
  /opt/local/lib/ruby/1.8/webrick/httpserver.rb:65:in `run'
  /opt/local/lib/ruby/1.8/webrick/server.rb:173:in `start_thread'
  /opt/local/lib/ruby/1.8/webrick/server.rb:162:in `start'
  /opt/local/lib/ruby/1.8/webrick/server.rb:162:in `start_thread'
  /opt/local/lib/ruby/1.8/webrick/server.rb:95:in `start'
  /opt/local/lib/ruby/1.8/webrick/server.rb:92:in `each'
  /opt/local/lib/ruby/1.8/webrick/server.rb:92:in `start'
  /opt/local/lib/ruby/1.8/webrick/server.rb:23:in `start'
  /opt/local/lib/ruby/1.8/webrick/server.rb:82:in `start'

Rendering rescues/layout (not_found)


Processing QuestionsController#index (for ::1 at 2009-10-30 19:44:45) [GET]
  [4;36;1mQuestion Load (0.8ms)[0m   [0;1mSELECT * FROM "questions" [0m

ActionView::MissingTemplate (Missing template questions/index.erb in view path app/views):
  /opt/local/lib/ruby/1.8/webrick/httpserver.rb:104:in `service'
  /opt/local/lib/ruby/1.8/webrick/httpserver.rb:65:in `run'
  /opt/local/lib/ruby/1.8/webrick/server.rb:173:in `start_thread'
  /opt/local/lib/ruby/1.8/webrick/server.rb:162:in `start'
  /opt/local/lib/ruby/1.8/webrick/server.rb:162:in `start_thread'
  /opt/local/lib/ruby/1.8/webrick/server.rb:95:in `start'
  /opt/local/lib/ruby/1.8/webrick/server.rb:92:in `each'
  /opt/local/lib/ruby/1.8/webrick/server.rb:92:in `start'
  /opt/local/lib/ruby/1.8/webrick/server.rb:23:in `start'
  /opt/local/lib/ruby/1.8/webrick/server.rb:82:in `start'

Rendering rescues/layout (internal_server_error)


Processing QuestionsController#index (for ::1 at 2009-10-30 19:45:13) [GET]
  [4;35;1mQuestion Load (0.5ms)[0m   [0mSELECT * FROM "questions" [0m
Rendering questions/index
Completed in 9ms (View: 5, DB: 0) | 200 OK [http://localhost/questions]


Processing QuestionsController#index (for ::1 at 2009-10-30 19:46:31) [GET]
  [4;36;1mQuestion Load (0.5ms)[0m   [0;1mSELECT * FROM "questions" [0m

NoMethodError (undefined method `application' for #<QuestionsController:0x101182bd8>):
  /opt/local/lib/ruby/1.8/webrick/httpserver.rb:104:in `service'
  /opt/local/lib/ruby/1.8/webrick/httpserver.rb:65:in `run'
  /opt/local/lib/ruby/1.8/webrick/server.rb:173:in `start_thread'
  /opt/local/lib/ruby/1.8/webrick/server.rb:162:in `start'
  /opt/local/lib/ruby/1.8/webrick/server.rb:162:in `start_thread'
  /opt/local/lib/ruby/1.8/webrick/server.rb:95:in `start'
  /opt/local/lib/ruby/1.8/webrick/server.rb:92:in `each'
  /opt/local/lib/ruby/1.8/webrick/server.rb:92:in `start'
  /opt/local/lib/ruby/1.8/webrick/server.rb:23:in `start'
  /opt/local/lib/ruby/1.8/webrick/server.rb:82:in `start'

Rendered rescues/_trace (32.8ms)
Rendered rescues/_request_and_response (1.1ms)
Rendering rescues/layout (internal_server_error)


Processing QuestionsController#index (for ::1 at 2009-10-30 19:46:35) [GET]
  [4;35;1mQuestion Load (0.5ms)[0m   [0mSELECT * FROM "questions" [0m
Rendering template within layouts/application
Rendering questions/index
Completed in 9ms (View: 5, DB: 1) | 200 OK [http://localhost/questions]


Processing QuestionsController#index (for ::1 at 2009-10-30 19:47:57) [GET]
  [4;36;1mQuestion Load (0.5ms)[0m   [0;1mSELECT * FROM "questions" [0m
Rendering template within layouts/application
Rendering questions/index
Completed in 9ms (View: 5, DB: 0) | 200 OK [http://localhost/questions]


Processing QuestionsController#index (for ::1 at 2009-10-30 19:48:07) [GET]
  [4;35;1mQuestion Load (0.5ms)[0m   [0mSELECT * FROM "questions" [0m
Rendering template within layouts/application
Rendering questions/index
Completed in 8ms (View: 4, DB: 0) | 200 OK [http://localhost/questions]


Processing QuestionsController#index (for ::1 at 2009-10-30 19:48:14) [GET]
  [4;36;1mQuestion Load (0.5ms)[0m   [0;1mSELECT * FROM "questions" [0m
Rendering template within layouts/application
Rendering questions/index
Completed in 8ms (View: 5, DB: 0) | 200 OK [http://localhost/questions]


Processing QuestionsController#index (for ::1 at 2009-10-30 19:48:26) [GET]
  [4;35;1mQuestion Load (0.5ms)[0m   [0mSELECT * FROM "questions" [0m
Rendering template within layouts/application
Rendering questions/index
Completed in 8ms (View: 4, DB: 0) | 200 OK [http://localhost/questions]


Processing QuestionsController#index (for ::1 at 2009-10-30 19:48:42) [GET]
  [4;36;1mQuestion Load (0.5ms)[0m   [0;1mSELECT * FROM "questions" [0m
Rendering template within layouts/application
Rendering questions/index
Completed in 8ms (View: 4, DB: 0) | 200 OK [http://localhost/questions]


Processing QuestionsController#index (for ::1 at 2009-10-30 19:49:04) [GET]
  [4;35;1mQuestion Load (0.5ms)[0m   [0mSELECT * FROM "questions" [0m
Rendering template within layouts/application
Rendering questions/index
Completed in 8ms (View: 4, DB: 0) | 200 OK [http://localhost/questions]


Processing QuestionsController#index (for ::1 at 2009-10-30 19:49:20) [GET]
  [4;36;1mQuestion Load (0.5ms)[0m   [0;1mSELECT * FROM "questions" [0m
Rendering template within layouts/application
Rendering questions/index
Completed in 7ms (View: 4, DB: 0) | 200 OK [http://localhost/questions]


Processing QuestionsController#index (for ::1 at 2009-10-30 19:50:29) [GET]
  [4;35;1mQuestion Load (0.5ms)[0m   [0mSELECT * FROM "questions" [0m
Rendering template within layouts/application
Rendering questions/index

ActionView::TemplateError (Missing template questions/_question.erb in view path app/views) on line #3 of app/views/questions/index.erb:
1: <h1>Here are my questions!</h1>
2: 
3: <%=render @questions %>

    app/views/questions/index.erb:3
    /opt/local/lib/ruby/1.8/webrick/httpserver.rb:104:in `service'
    /opt/local/lib/ruby/1.8/webrick/httpserver.rb:65:in `run'
    /opt/local/lib/ruby/1.8/webrick/server.rb:173:in `start_thread'
    /opt/local/lib/ruby/1.8/webrick/server.rb:162:in `start'
    /opt/local/lib/ruby/1.8/webrick/server.rb:162:in `start_thread'
    /opt/local/lib/ruby/1.8/webrick/server.rb:95:in `start'
    /opt/local/lib/ruby/1.8/webrick/server.rb:92:in `each'
    /opt/local/lib/ruby/1.8/webrick/server.rb:92:in `start'
    /opt/local/lib/ruby/1.8/webrick/server.rb:23:in `start'
    /opt/local/lib/ruby/1.8/webrick/server.rb:82:in `start'

Rendered rescues/_trace (105.5ms)
Rendered rescues/_request_and_response (0.3ms)
Rendering rescues/layout (internal_server_error)


Processing QuestionsController#index (for ::1 at 2009-10-30 19:50:54) [GET]
  [4;36;1mQuestion Load (0.5ms)[0m   [0;1mSELECT * FROM "questions" [0m
Rendering template within layouts/application
Rendering questions/index
Rendered questions/_question (2.1ms)
Rendered questions/_question (0.1ms)
Completed in 12ms (View: 8, DB: 0) | 200 OK [http://localhost/questions]


Processing QuestionsController#index (for ::1 at 2009-10-30 19:51:21) [GET]
  [4;35;1mQuestion Load (0.5ms)[0m   [0mSELECT * FROM "questions" [0m
Rendering template within layouts/application
Rendering questions/index
Rendered questions/_question (1.9ms)
Rendered questions/_question (0.1ms)
Completed in 9ms (View: 5, DB: 0) | 200 OK [http://localhost/questions]


Processing QuestionsController#index (for ::1 at 2009-10-30 19:51:36) [GET]
  [4;36;1mQuestion Load (0.5ms)[0m   [0;1mSELECT * FROM "questions" [0m
Rendering template within layouts/application
Rendering questions/index
Rendered questions/_question (2.3ms)
Rendered questions/_question (0.1ms)
Completed in 9ms (View: 6, DB: 0) | 200 OK [http://localhost/questions]


Processing QuestionsController#index (for ::1 at 2009-10-30 19:51:52) [GET]
  [4;35;1mQuestion Load (0.5ms)[0m   [0mSELECT * FROM "questions" [0m
Rendering template within layouts/application
Rendering questions/index
Rendered questions/_question (2.9ms)
Rendered questions/_question (0.3ms)
Completed in 13ms (View: 7, DB: 1) | 200 OK [http://localhost/questions]


Processing QuestionsController#show (for ::1 at 2009-10-30 19:52:02) [GET]
  Parameters: {"id"=>"769459213"}

ActionController::UnknownAction (No action responded to show. Actions: index):
  /opt/local/lib/ruby/1.8/webrick/httpserver.rb:104:in `service'
  /opt/local/lib/ruby/1.8/webrick/httpserver.rb:65:in `run'
  /opt/local/lib/ruby/1.8/webrick/server.rb:173:in `start_thread'
  /opt/local/lib/ruby/1.8/webrick/server.rb:162:in `start'
  /opt/local/lib/ruby/1.8/webrick/server.rb:162:in `start_thread'
  /opt/local/lib/ruby/1.8/webrick/server.rb:95:in `start'
  /opt/local/lib/ruby/1.8/webrick/server.rb:92:in `each'
  /opt/local/lib/ruby/1.8/webrick/server.rb:92:in `start'
  /opt/local/lib/ruby/1.8/webrick/server.rb:23:in `start'
  /opt/local/lib/ruby/1.8/webrick/server.rb:82:in `start'

Rendering rescues/layout (not_found)


Processing QuestionsController#show (for ::1 at 2009-10-30 19:52:14) [GET]
  Parameters: {"id"=>"769459213"}

ActionView::MissingTemplate (Missing template questions/show.erb in view path app/views):
  /opt/local/lib/ruby/1.8/webrick/httpserver.rb:104:in `service'
  /opt/local/lib/ruby/1.8/webrick/httpserver.rb:65:in `run'
  /opt/local/lib/ruby/1.8/webrick/server.rb:173:in `start_thread'
  /opt/local/lib/ruby/1.8/webrick/server.rb:162:in `start'
  /opt/local/lib/ruby/1.8/webrick/server.rb:162:in `start_thread'
  /opt/local/lib/ruby/1.8/webrick/server.rb:95:in `start'
  /opt/local/lib/ruby/1.8/webrick/server.rb:92:in `each'
  /opt/local/lib/ruby/1.8/webrick/server.rb:92:in `start'
  /opt/local/lib/ruby/1.8/webrick/server.rb:23:in `start'
  /opt/local/lib/ruby/1.8/webrick/server.rb:82:in `start'

Rendering rescues/layout (internal_server_error)


Processing QuestionsController#show (for ::1 at 2009-10-30 19:52:40) [GET]
  Parameters: {"id"=>"769459213"}
Completed in 2ms (View: 0, DB: 0) | 200 OK [http://localhost/questions/769459213]


Processing QuestionsController#show (for ::1 at 2009-10-30 19:53:10) [GET]
  Parameters: {"id"=>"769459213"}
  [4;36;1mQuestion Load (0.2ms)[0m   [0;1mSELECT * FROM "questions" WHERE ("questions"."id" = 769459213) [0m
Completed in 67ms (View: 1, DB: 0) | 200 OK [http://localhost/questions/769459213]


Processing QuestionsController#show (for ::1 at 2009-10-30 19:53:23) [GET]
  Parameters: {"id"=>"769459213"}
  [4;35;1mQuestion Load (0.2ms)[0m   [0mSELECT * FROM "questions" WHERE ("questions"."id" = 769459213) [0m

ActionView::MissingTemplate (Missing template questions/show.erb in view path app/views):
  /opt/local/lib/ruby/1.8/webrick/httpserver.rb:104:in `service'
  /opt/local/lib/ruby/1.8/webrick/httpserver.rb:65:in `run'
  /opt/local/lib/ruby/1.8/webrick/server.rb:173:in `start_thread'
  /opt/local/lib/ruby/1.8/webrick/server.rb:162:in `start'
  /opt/local/lib/ruby/1.8/webrick/server.rb:162:in `start_thread'
  /opt/local/lib/ruby/1.8/webrick/server.rb:95:in `start'
  /opt/local/lib/ruby/1.8/webrick/server.rb:92:in `each'
  /opt/local/lib/ruby/1.8/webrick/server.rb:92:in `start'
  /opt/local/lib/ruby/1.8/webrick/server.rb:23:in `start'
  /opt/local/lib/ruby/1.8/webrick/server.rb:82:in `start'

Rendering rescues/layout (internal_server_error)


Processing QuestionsController#show (for ::1 at 2009-10-30 19:53:38) [GET]
  Parameters: {"id"=>"769459213"}
  [4;36;1mQuestion Load (0.2ms)[0m   [0;1mSELECT * FROM "questions" WHERE ("questions"."id" = 769459213) [0m
Rendering template within layouts/application
Rendering questions/show
Completed in 9ms (View: 5, DB: 0) | 200 OK [http://localhost/questions/769459213]


Processing QuestionsController#show (for ::1 at 2009-10-30 19:53:44) [GET]
  Parameters: {"id"=>"769459213"}
  [4;35;1mQuestion Load (0.2ms)[0m   [0mSELECT * FROM "questions" WHERE ("questions"."id" = 769459213) [0m
Rendering template within layouts/application
Rendering questions/show
Rendered questions/_question (1.4ms)
Completed in 59ms (View: 54, DB: 0) | 200 OK [http://localhost/questions/769459213]


Processing QuestionsController#show (for ::1 at 2009-10-30 19:54:11) [GET]
  Parameters: {"id"=>"769459213"}
  [4;36;1mQuestion Load (0.2ms)[0m   [0;1mSELECT * FROM "questions" WHERE ("questions"."id" = 769459213) [0m
Rendering template within layouts/application
Rendering questions/show
Rendered questions/_question (1.1ms)
Completed in 9ms (View: 5, DB: 0) | 200 OK [http://localhost/questions/769459213]


Processing QuestionsController#new (for ::1 at 2009-10-30 19:56:24) [GET]
Rendering template within layouts/application
Rendering questions/new
Completed in 11ms (View: 6, DB: 0) | 200 OK [http://localhost/questions/new]


Processing QuestionsController#new (for ::1 at 2009-10-30 19:56:37) [GET]
Rendering template within layouts/application
Rendering questions/new
Completed in 10ms (View: 5, DB: 0) | 200 OK [http://localhost/questions/new]


Processing QuestionsController#new (for ::1 at 2009-10-30 19:56:50) [GET]
Rendering template within layouts/application
Rendering questions/new
Completed in 9ms (View: 5, DB: 0) | 200 OK [http://localhost/questions/new]


Processing QuestionsController#create (for ::1 at 2009-10-30 19:56:51) [POST]
  Parameters: {"commit"=>"Save changes", "authenticity_token"=>"56ksznup7J14NVt47ayT9YXpc4aZHDl0TaEwxU6P7Zo=", "question"=>{"name"=>"i love hummus!"}}

ActionController::UnknownAction (No action responded to create. Actions: index, new, and show):
  /opt/local/lib/ruby/1.8/webrick/httpserver.rb:104:in `service'
  /opt/local/lib/ruby/1.8/webrick/httpserver.rb:65:in `run'
  /opt/local/lib/ruby/1.8/webrick/server.rb:173:in `start_thread'
  /opt/local/lib/ruby/1.8/webrick/server.rb:162:in `start'
  /opt/local/lib/ruby/1.8/webrick/server.rb:162:in `start_thread'
  /opt/local/lib/ruby/1.8/webrick/server.rb:95:in `start'
  /opt/local/lib/ruby/1.8/webrick/server.rb:92:in `each'
  /opt/local/lib/ruby/1.8/webrick/server.rb:92:in `start'
  /opt/local/lib/ruby/1.8/webrick/server.rb:23:in `start'
  /opt/local/lib/ruby/1.8/webrick/server.rb:82:in `start'

Rendering rescues/layout (not_found)


Processing QuestionsController#new (for ::1 at 2009-10-30 19:57:04) [GET]
Rendering template within layouts/application
Rendering questions/new
Completed in 10ms (View: 5, DB: 0) | 200 OK [http://localhost/questions/new]


Processing QuestionsController#create (for ::1 at 2009-10-30 19:57:05) [POST]
  Parameters: {"commit"=>"Save changes", "authenticity_token"=>"56ksznup7J14NVt47ayT9YXpc4aZHDl0TaEwxU6P7Zo=", "question"=>{"name"=>"i love hummus!"}}

ActionController::UnknownAction (No action responded to create. Actions: index, new, and show):
  /opt/local/lib/ruby/1.8/webrick/httpserver.rb:104:in `service'
  /opt/local/lib/ruby/1.8/webrick/httpserver.rb:65:in `run'
  /opt/local/lib/ruby/1.8/webrick/server.rb:173:in `start_thread'
  /opt/local/lib/ruby/1.8/webrick/server.rb:162:in `start'
  /opt/local/lib/ruby/1.8/webrick/server.rb:162:in `start_thread'
  /opt/local/lib/ruby/1.8/webrick/server.rb:95:in `start'
  /opt/local/lib/ruby/1.8/webrick/server.rb:92:in `each'
  /opt/local/lib/ruby/1.8/webrick/server.rb:92:in `start'
  /opt/local/lib/ruby/1.8/webrick/server.rb:23:in `start'
  /opt/local/lib/ruby/1.8/webrick/server.rb:82:in `start'

Rendering rescues/layout (not_found)


Processing QuestionsController#create (for ::1 at 2009-10-30 19:59:12) [POST]
  Parameters: {"commit"=>"Save changes", "authenticity_token"=>"56ksznup7J14NVt47ayT9YXpc4aZHDl0TaEwxU6P7Zo=", "question"=>{"name"=>"i love hummus!"}}
  [4;35;1mQuestion Create (0.5ms)[0m   [0mINSERT INTO "questions" ("name", "created_at", "updated_at", "answer_id") VALUES('i love hummus!', '2009-10-30 23:59:12', '2009-10-30 23:59:12', NULL)[0m
Redirected to http://localhost:3000/questions/1109116779
Completed in 19ms (DB: 1) | 302 Found [http://localhost/questions]


Processing QuestionsController#show (for ::1 at 2009-10-30 19:59:12) [GET]
  Parameters: {"id"=>"1109116779"}
  [4;36;1mQuestion Load (0.2ms)[0m   [0;1mSELECT * FROM "questions" WHERE ("questions"."id" = 1109116779) [0m
Rendering template within layouts/application
Rendering questions/show
Rendered questions/_question (1.2ms)
Completed in 7ms (View: 3, DB: 0) | 200 OK [http://localhost/questions/1109116779]


Processing QuestionsController#new (for ::1 at 2009-10-30 19:59:19) [GET]
Rendering template within layouts/application
Rendering questions/new
Completed in 9ms (View: 5, DB: 0) | 200 OK [http://localhost/questions/new]


Processing QuestionsController#create (for ::1 at 2009-10-30 19:59:27) [POST]
  Parameters: {"commit"=>"Save changes", "authenticity_token"=>"56ksznup7J14NVt47ayT9YXpc4aZHDl0TaEwxU6P7Zo=", "question"=>{"name"=>"why is your computer overheating?"}}
  [4;35;1mQuestion Create (0.3ms)[0m   [0mINSERT INTO "questions" ("name", "created_at", "updated_at", "answer_id") VALUES('why is your computer overheating?', '2009-10-30 23:59:27', '2009-10-30 23:59:27', NULL)[0m
Redirected to http://localhost:3000/questions/1109116780
Completed in 8ms (DB: 0) | 302 Found [http://localhost/questions]


Processing QuestionsController#show (for ::1 at 2009-10-30 19:59:27) [GET]
  Parameters: {"id"=>"1109116780"}
  [4;36;1mQuestion Load (0.2ms)[0m   [0;1mSELECT * FROM "questions" WHERE ("questions"."id" = 1109116780) [0m
Rendering template within layouts/application
Rendering questions/show
Rendered questions/_question (1.2ms)
Completed in 7ms (View: 2, DB: 0) | 200 OK [http://localhost/questions/1109116780]


Processing QuestionsController#show (for ::1 at 2009-10-30 20:00:20) [GET]
  Parameters: {"id"=>"1109116780"}
  [4;36;1mQuestion Load (0.2ms)[0m   [0;1mSELECT * FROM "questions" WHERE ("questions"."id" = 1109116780) [0m
Rendering template within layouts/application
Rendering questions/show
Rendered questions/_question (2.2ms)
Completed in 22ms (View: 17, DB: 0) | 200 OK [http://localhost/questions/1109116780]


Processing QuestionsController#index (for ::1 at 2009-10-30 20:00:21) [GET]
  [4;35;1mQuestion Load (0.7ms)[0m   [0mSELECT * FROM "questions" [0m
Rendering template within layouts/application
Rendering questions/index
Rendered questions/_question (2.0ms)
Rendered questions/_question (0.3ms)
Rendered questions/_question (0.2ms)
Rendered questions/_question (0.2ms)
Completed in 11ms (View: 7, DB: 1) | 200 OK [http://localhost/questions]
